<?xml version="1.0" encoding="UTF-8"?>
<testng-results ignored="0" total="10" passed="9" failed="1" skipped="0">
  <reporter-output>
    <line>
      <![CDATA[Setting up report and test is getting ready]]>
    </line>
    <line>
      <![CDATA[Setting done -Test can be started]]>
    </line>
    <line>
      <![CDATA[Test is about to end]]>
    </line>
    <line>
      <![CDATA[Test completed >>>Report generated]]>
    </line>
    <line>
      <![CDATA[Test is about to end]]>
    </line>
    <line>
      <![CDATA[Test completed >>>Report generated]]>
    </line>
    <line>
      <![CDATA[Test is about to end]]>
    </line>
    <line>
      <![CDATA[Test completed >>>Report generated]]>
    </line>
    <line>
      <![CDATA[Test is about to end]]>
    </line>
    <line>
      <![CDATA[Test completed >>>Report generated]]>
    </line>
    <line>
      <![CDATA[Test is about to end]]>
    </line>
    <line>
      <![CDATA[Test completed >>>Report generated]]>
    </line>
    <line>
      <![CDATA[Test is about to end]]>
    </line>
    <line>
      <![CDATA[Test completed >>>Report generated]]>
    </line>
    <line>
      <![CDATA[Test is about to end]]>
    </line>
    <line>
      <![CDATA[Test completed >>>Report generated]]>
    </line>
    <line>
      <![CDATA[Test is about to end]]>
    </line>
    <line>
      <![CDATA[Test completed >>>Report generated]]>
    </line>
    <line>
      <![CDATA[Test is about to end]]>
    </line>
    <line>
      <![CDATA[Test completed >>>Report generated]]>
    </line>
    <line>
      <![CDATA[Test is about to end]]>
    </line>
    <line>
      <![CDATA[Test completed >>>Report generated]]>
    </line>
  </reporter-output>
  <suite started-at="2022-06-05T16:56:29 IST" name="Default suite" finished-at="2022-06-05T16:57:11 IST" duration-ms="41585">
    <groups>
    </groups>
    <test started-at="2022-06-05T16:56:29 IST" name="Default test" finished-at="2022-06-05T16:57:11 IST" duration-ms="41585">
      <class name="runner.TestExecution">
        <test-method is-config="true" signature="setUpSuit()[pri:0, instance:runner.TestExecution@71def8f8]" started-at="2022-06-05T16:56:29 IST" name="setUpSuit" finished-at="2022-06-05T16:56:29 IST" duration-ms="415" status="PASS">
          <reporter-output>
            <line>
              <![CDATA[Setting up report and test is getting ready]]>
            </line>
            <line>
              <![CDATA[Setting done -Test can be started]]>
            </line>
          </reporter-output>
        </test-method> <!-- setUpSuit -->
        <test-method is-config="true" signature="setUp()[pri:0, instance:runner.TestExecution@71def8f8]" started-at="2022-06-05T16:56:29 IST" name="setUp" finished-at="2022-06-05T16:56:34 IST" duration-ms="4540" status="PASS">
          <reporter-output>
          </reporter-output>
        </test-method> <!-- setUp -->
        <test-method signature="Test1()[pri:1, instance:runner.TestExecution@71def8f8]" started-at="2022-06-05T16:56:34 IST" name="Test1" finished-at="2022-06-05T16:56:41 IST" duration-ms="7146" status="PASS">
          <reporter-output>
          </reporter-output>
        </test-method> <!-- Test1 -->
        <test-method is-config="true" signature="tearDownM(org.testng.ITestResult)[pri:0, instance:runner.TestExecution@71def8f8]" started-at="2022-06-05T16:56:41 IST" name="tearDownM" finished-at="2022-06-05T16:56:43 IST" duration-ms="1872" status="PASS">
          <params>
            <param index="0">
              <value>
                <![CDATA[[TestResult name=Test1 status=SUCCESS method=TestExecution.Test1()[pri:1, instance:runner.TestExecution@71def8f8] output={null}]]]>
              </value>
            </param>
          </params>
          <reporter-output>
            <line>
              <![CDATA[Test is about to end]]>
            </line>
            <line>
              <![CDATA[Test completed >>>Report generated]]>
            </line>
          </reporter-output>
        </test-method> <!-- tearDownM -->
        <test-method signature="Test2()[pri:2, instance:runner.TestExecution@71def8f8]" started-at="2022-06-05T16:56:43 IST" name="Test2" finished-at="2022-06-05T16:56:46 IST" duration-ms="3203" status="PASS">
          <reporter-output>
          </reporter-output>
        </test-method> <!-- Test2 -->
        <test-method is-config="true" signature="tearDownM(org.testng.ITestResult)[pri:0, instance:runner.TestExecution@71def8f8]" started-at="2022-06-05T16:56:46 IST" name="tearDownM" finished-at="2022-06-05T16:56:46 IST" duration-ms="377" status="PASS">
          <params>
            <param index="0">
              <value>
                <![CDATA[[TestResult name=Test2 status=SUCCESS method=TestExecution.Test2()[pri:2, instance:runner.TestExecution@71def8f8] output={null}]]]>
              </value>
            </param>
          </params>
          <reporter-output>
            <line>
              <![CDATA[Test is about to end]]>
            </line>
            <line>
              <![CDATA[Test completed >>>Report generated]]>
            </line>
          </reporter-output>
        </test-method> <!-- tearDownM -->
        <test-method signature="Test3()[pri:3, instance:runner.TestExecution@71def8f8]" started-at="2022-06-05T16:56:46 IST" name="Test3" finished-at="2022-06-05T16:56:50 IST" duration-ms="3231" status="PASS">
          <reporter-output>
          </reporter-output>
        </test-method> <!-- Test3 -->
        <test-method is-config="true" signature="tearDownM(org.testng.ITestResult)[pri:0, instance:runner.TestExecution@71def8f8]" started-at="2022-06-05T16:56:50 IST" name="tearDownM" finished-at="2022-06-05T16:56:50 IST" duration-ms="603" status="PASS">
          <params>
            <param index="0">
              <value>
                <![CDATA[[TestResult name=Test3 status=SUCCESS method=TestExecution.Test3()[pri:3, instance:runner.TestExecution@71def8f8] output={null}]]]>
              </value>
            </param>
          </params>
          <reporter-output>
            <line>
              <![CDATA[Test is about to end]]>
            </line>
            <line>
              <![CDATA[Test completed >>>Report generated]]>
            </line>
          </reporter-output>
        </test-method> <!-- tearDownM -->
        <test-method signature="Test4()[pri:4, instance:runner.TestExecution@71def8f8]" started-at="2022-06-05T16:56:50 IST" name="Test4" finished-at="2022-06-05T16:56:54 IST" duration-ms="3457" status="PASS">
          <reporter-output>
          </reporter-output>
        </test-method> <!-- Test4 -->
        <test-method is-config="true" signature="tearDownM(org.testng.ITestResult)[pri:0, instance:runner.TestExecution@71def8f8]" started-at="2022-06-05T16:56:54 IST" name="tearDownM" finished-at="2022-06-05T16:56:54 IST" duration-ms="261" status="PASS">
          <params>
            <param index="0">
              <value>
                <![CDATA[[TestResult name=Test4 status=SUCCESS method=TestExecution.Test4()[pri:4, instance:runner.TestExecution@71def8f8] output={null}]]]>
              </value>
            </param>
          </params>
          <reporter-output>
            <line>
              <![CDATA[Test is about to end]]>
            </line>
            <line>
              <![CDATA[Test completed >>>Report generated]]>
            </line>
          </reporter-output>
        </test-method> <!-- tearDownM -->
        <test-method signature="Test8()[pri:5, instance:runner.TestExecution@71def8f8]" started-at="2022-06-05T16:56:54 IST" name="Test8" finished-at="2022-06-05T16:56:55 IST" duration-ms="1099" status="FAIL">
          <exception class="org.openqa.selenium.ElementClickInterceptedException">
            <message>
              <![CDATA[element click intercepted: Element <button class="btn btn-default" id="" type="button">...</button> is not clickable at point (674, 20). Other element would receive the click: <nav id="navHeader" class="p-0.5p h-6.1p bg-white fixed top:0 left-0 w-full z-30 flex justify-between 
items-center flex-nowrap flex-row tp:h-5p tp:justify-center " style="box-shadow:0 2px 10px rgb(0 0 0 / 11%)">...</nav>
  (Session info: chrome=102.0.5005.63)
Build info: version: '3.14.0', revision: 'aacccce0', time: '2018-08-02T20:19:58.91Z'
System info: host: 'MINDC1D151', ip: '172.16.52.38', os.name: 'Windows 10', os.arch: 'amd64', os.version: '10.0', java.version: '17.0.2'
Driver info: org.openqa.selenium.chrome.ChromeDriver
Capabilities {acceptInsecureCerts: false, browserName: chrome, browserVersion: 102.0.5005.63, chrome: {chromedriverVersion: 101.0.4951.41 (93c720db8323..., userDataDir: C:\Users\MINDSD~1\AppData\L...}, goog:chromeOptions: {debuggerAddress: localhost:49858}, javascriptEnabled: true, networkConnectionEnabled: false, pageLoadStrategy: normal, platform: WINDOWS, platformName: WINDOWS, proxy: Proxy(), setWindowRect: true, strictFileInteractability: false, timeouts: {implicit: 0, pageLoad: 300000, script: 30000}, unhandledPromptBehavior: dismiss and notify, webauthn:extension:credBlob: true, webauthn:extension:largeBlob: true, webauthn:virtualAuthenticators: true}
Session ID: 62623a4cf228b0c8af8acb3157b56b39]]>
            </message>
            <full-stacktrace>
              <![CDATA[org.openqa.selenium.ElementClickInterceptedException: element click intercepted: Element <button class="btn btn-default" id="" type="button">...</button> is not clickable at point (674, 20). Other element would receive the click: <nav id="navHeader" class="p-0.5p h-6.1p bg-white fixed top:0 left-0 w-full z-30 flex justify-between 
items-center flex-nowrap flex-row tp:h-5p tp:justify-center " style="box-shadow:0 2px 10px rgb(0 0 0 / 11%)">...</nav>
  (Session info: chrome=102.0.5005.63)
Build info: version: '3.14.0', revision: 'aacccce0', time: '2018-08-02T20:19:58.91Z'
System info: host: 'MINDC1D151', ip: '172.16.52.38', os.name: 'Windows 10', os.arch: 'amd64', os.version: '10.0', java.version: '17.0.2'
Driver info: org.openqa.selenium.chrome.ChromeDriver
Capabilities {acceptInsecureCerts: false, browserName: chrome, browserVersion: 102.0.5005.63, chrome: {chromedriverVersion: 101.0.4951.41 (93c720db8323..., userDataDir: C:\Users\MINDSD~1\AppData\L...}, goog:chromeOptions: {debuggerAddress: localhost:49858}, javascriptEnabled: true, networkConnectionEnabled: false, pageLoadStrategy: normal, platform: WINDOWS, platformName: WINDOWS, proxy: Proxy(), setWindowRect: true, strictFileInteractability: false, timeouts: {implicit: 0, pageLoad: 300000, script: 30000}, unhandledPromptBehavior: dismiss and notify, webauthn:extension:credBlob: true, webauthn:extension:largeBlob: true, webauthn:virtualAuthenticators: true}
Session ID: 62623a4cf228b0c8af8acb3157b56b39
at java.base/jdk.internal.reflect.NativeConstructorAccessorImpl.newInstance0(Native Method)
at java.base/jdk.internal.reflect.NativeConstructorAccessorImpl.newInstance(NativeConstructorAccessorImpl.java:77)
at java.base/jdk.internal.reflect.DelegatingConstructorAccessorImpl.newInstance(DelegatingConstructorAccessorImpl.java:45)
at java.base/java.lang.reflect.Constructor.newInstanceWithCaller(Constructor.java:499)
at java.base/java.lang.reflect.Constructor.newInstance(Constructor.java:480)
at org.openqa.selenium.remote.http.W3CHttpResponseCodec.createException(W3CHttpResponseCodec.java:187)
at org.openqa.selenium.remote.http.W3CHttpResponseCodec.decode(W3CHttpResponseCodec.java:122)
at org.openqa.selenium.remote.http.W3CHttpResponseCodec.decode(W3CHttpResponseCodec.java:49)
at org.openqa.selenium.remote.HttpCommandExecutor.execute(HttpCommandExecutor.java:158)
at org.openqa.selenium.remote.service.DriverCommandExecutor.execute(DriverCommandExecutor.java:83)
at org.openqa.selenium.remote.RemoteWebDriver.execute(RemoteWebDriver.java:548)
at org.openqa.selenium.remote.RemoteWebElement.execute(RemoteWebElement.java:276)
at org.openqa.selenium.remote.RemoteWebElement.click(RemoteWebElement.java:83)
at reusable.DriverHelper.clickOn(DriverHelper.java:10)
at pageObject.PostFreePage.clickOnPost(PostFreePage.java:20)
at runner.TestExecution.Test8(TestExecution.java:110)
at java.base/jdk.internal.reflect.NativeMethodAccessorImpl.invoke0(Native Method)
at java.base/jdk.internal.reflect.NativeMethodAccessorImpl.invoke(NativeMethodAccessorImpl.java:77)
at java.base/jdk.internal.reflect.DelegatingMethodAccessorImpl.invoke(DelegatingMethodAccessorImpl.java:43)
at java.base/java.lang.reflect.Method.invoke(Method.java:568)
at org.testng.internal.MethodInvocationHelper.invokeMethod(MethodInvocationHelper.java:133)
at org.testng.internal.TestInvoker.invokeMethod(TestInvoker.java:598)
at org.testng.internal.TestInvoker.invokeTestMethod(TestInvoker.java:173)
at org.testng.internal.MethodRunner.runInSequence(MethodRunner.java:46)
at org.testng.internal.TestInvoker$MethodInvocationAgent.invoke(TestInvoker.java:824)
at org.testng.internal.TestInvoker.invokeTestMethods(TestInvoker.java:146)
at org.testng.internal.TestMethodWorker.invokeTestMethods(TestMethodWorker.java:146)
at org.testng.internal.TestMethodWorker.run(TestMethodWorker.java:128)
at java.base/java.util.ArrayList.forEach(ArrayList.java:1511)
at org.testng.TestRunner.privateRun(TestRunner.java:794)
at org.testng.TestRunner.run(TestRunner.java:596)
at org.testng.SuiteRunner.runTest(SuiteRunner.java:377)
at org.testng.SuiteRunner.runSequentially(SuiteRunner.java:371)
at org.testng.SuiteRunner.privateRun(SuiteRunner.java:332)
at org.testng.SuiteRunner.run(SuiteRunner.java:276)
at org.testng.SuiteRunnerWorker.runSuite(SuiteRunnerWorker.java:53)
at org.testng.SuiteRunnerWorker.run(SuiteRunnerWorker.java:96)
at org.testng.TestNG.runSuitesSequentially(TestNG.java:1212)
at org.testng.TestNG.runSuitesLocally(TestNG.java:1134)
at org.testng.TestNG.runSuites(TestNG.java:1063)
at org.testng.TestNG.run(TestNG.java:1031)
at org.testng.remote.AbstractRemoteTestNG.run(AbstractRemoteTestNG.java:115)
at org.testng.remote.RemoteTestNG.initAndRun(RemoteTestNG.java:251)
at org.testng.remote.RemoteTestNG.main(RemoteTestNG.java:77)
]]>
            </full-stacktrace>
          </exception> <!-- org.openqa.selenium.ElementClickInterceptedException -->
          <reporter-output>
          </reporter-output>
        </test-method> <!-- Test8 -->
        <test-method is-config="true" signature="tearDownM(org.testng.ITestResult)[pri:0, instance:runner.TestExecution@71def8f8]" started-at="2022-06-05T16:56:55 IST" name="tearDownM" finished-at="2022-06-05T16:56:55 IST" duration-ms="299" status="PASS">
          <params>
            <param index="0">
              <value>
                <![CDATA[[TestResult name=Test8 status=FAILURE method=TestExecution.Test8()[pri:5, instance:runner.TestExecution@71def8f8] output={null}]]]>
              </value>
            </param>
          </params>
          <reporter-output>
            <line>
              <![CDATA[Test is about to end]]>
            </line>
            <line>
              <![CDATA[Test completed >>>Report generated]]>
            </line>
          </reporter-output>
        </test-method> <!-- tearDownM -->
        <test-method signature="Test5()[pri:6, instance:runner.TestExecution@71def8f8]" started-at="2022-06-05T16:56:55 IST" name="Test5" finished-at="2022-06-05T16:56:59 IST" duration-ms="3252" status="PASS">
          <reporter-output>
          </reporter-output>
        </test-method> <!-- Test5 -->
        <test-method is-config="true" signature="tearDownM(org.testng.ITestResult)[pri:0, instance:runner.TestExecution@71def8f8]" started-at="2022-06-05T16:56:59 IST" name="tearDownM" finished-at="2022-06-05T16:56:59 IST" duration-ms="293" status="PASS">
          <params>
            <param index="0">
              <value>
                <![CDATA[[TestResult name=Test5 status=SUCCESS method=TestExecution.Test5()[pri:6, instance:runner.TestExecution@71def8f8] output={null}]]]>
              </value>
            </param>
          </params>
          <reporter-output>
            <line>
              <![CDATA[Test is about to end]]>
            </line>
            <line>
              <![CDATA[Test completed >>>Report generated]]>
            </line>
          </reporter-output>
        </test-method> <!-- tearDownM -->
        <test-method signature="Test9()[pri:7, instance:runner.TestExecution@71def8f8]" started-at="2022-06-05T16:56:59 IST" name="Test9" finished-at="2022-06-05T16:56:59 IST" duration-ms="562" status="PASS">
          <reporter-output>
          </reporter-output>
        </test-method> <!-- Test9 -->
        <test-method is-config="true" signature="tearDownM(org.testng.ITestResult)[pri:0, instance:runner.TestExecution@71def8f8]" started-at="2022-06-05T16:56:59 IST" name="tearDownM" finished-at="2022-06-05T16:57:00 IST" duration-ms="962" status="PASS">
          <params>
            <param index="0">
              <value>
                <![CDATA[[TestResult name=Test9 status=SUCCESS method=TestExecution.Test9()[pri:7, instance:runner.TestExecution@71def8f8] output={null}]]]>
              </value>
            </param>
          </params>
          <reporter-output>
            <line>
              <![CDATA[Test is about to end]]>
            </line>
            <line>
              <![CDATA[Test completed >>>Report generated]]>
            </line>
          </reporter-output>
        </test-method> <!-- tearDownM -->
        <test-method signature="Test6()[pri:8, instance:runner.TestExecution@71def8f8]" started-at="2022-06-05T16:57:00 IST" name="Test6" finished-at="2022-06-05T16:57:02 IST" duration-ms="1786" status="PASS">
          <reporter-output>
          </reporter-output>
        </test-method> <!-- Test6 -->
        <test-method is-config="true" signature="tearDownM(org.testng.ITestResult)[pri:0, instance:runner.TestExecution@71def8f8]" started-at="2022-06-05T16:57:02 IST" name="tearDownM" finished-at="2022-06-05T16:57:03 IST" duration-ms="292" status="PASS">
          <params>
            <param index="0">
              <value>
                <![CDATA[[TestResult name=Test6 status=SUCCESS method=TestExecution.Test6()[pri:8, instance:runner.TestExecution@71def8f8] output={null}]]]>
              </value>
            </param>
          </params>
          <reporter-output>
            <line>
              <![CDATA[Test is about to end]]>
            </line>
            <line>
              <![CDATA[Test completed >>>Report generated]]>
            </line>
          </reporter-output>
        </test-method> <!-- tearDownM -->
        <test-method signature="Test7()[pri:9, instance:runner.TestExecution@71def8f8]" started-at="2022-06-05T16:57:03 IST" name="Test7" finished-at="2022-06-05T16:57:06 IST" duration-ms="3264" status="PASS">
          <reporter-output>
          </reporter-output>
        </test-method> <!-- Test7 -->
        <test-method is-config="true" signature="tearDownM(org.testng.ITestResult)[pri:0, instance:runner.TestExecution@71def8f8]" started-at="2022-06-05T16:57:06 IST" name="tearDownM" finished-at="2022-06-05T16:57:06 IST" duration-ms="478" status="PASS">
          <params>
            <param index="0">
              <value>
                <![CDATA[[TestResult name=Test7 status=SUCCESS method=TestExecution.Test7()[pri:9, instance:runner.TestExecution@71def8f8] output={null}]]]>
              </value>
            </param>
          </params>
          <reporter-output>
            <line>
              <![CDATA[Test is about to end]]>
            </line>
            <line>
              <![CDATA[Test completed >>>Report generated]]>
            </line>
          </reporter-output>
        </test-method> <!-- tearDownM -->
        <test-method signature="Test10()[pri:10, instance:runner.TestExecution@71def8f8]" started-at="2022-06-05T16:57:06 IST" name="Test10" finished-at="2022-06-05T16:57:10 IST" duration-ms="3314" status="PASS">
          <reporter-output>
          </reporter-output>
        </test-method> <!-- Test10 -->
        <test-method is-config="true" signature="tearDownM(org.testng.ITestResult)[pri:0, instance:runner.TestExecution@71def8f8]" started-at="2022-06-05T16:57:10 IST" name="tearDownM" finished-at="2022-06-05T16:57:10 IST" duration-ms="298" status="PASS">
          <params>
            <param index="0">
              <value>
                <![CDATA[[TestResult name=Test10 status=SUCCESS method=TestExecution.Test10()[pri:10, instance:runner.TestExecution@71def8f8] output={null}]]]>
              </value>
            </param>
          </params>
          <reporter-output>
            <line>
              <![CDATA[Test is about to end]]>
            </line>
            <line>
              <![CDATA[Test completed >>>Report generated]]>
            </line>
          </reporter-output>
        </test-method> <!-- tearDownM -->
        <test-method is-config="true" signature="tearDown()[pri:0, instance:runner.TestExecution@71def8f8]" started-at="2022-06-05T16:57:10 IST" name="tearDown" finished-at="2022-06-05T16:57:11 IST" duration-ms="905" status="PASS">
          <reporter-output>
          </reporter-output>
        </test-method> <!-- tearDown -->
      </class> <!-- runner.TestExecution -->
    </test> <!-- Default test -->
  </suite> <!-- Default suite -->
</testng-results>
